<?xml version="1.0" encoding="UTF-8"?>
<!-- Generated by org.testng.reporters.JUnitXMLReporter -->
<testsuite ignored="5" hostname="LAPTOP-668BP5IR" failures="0" tests="4" name="Test" time="0.028" errors="0" timestamp="2023-02-11T16:08:17 IST">
  <testcase classname="page1.Sample1" name="test2" time="0.002"/>
  <testcase classname="page2.Sample3" name="test2" time="0.002"/>
  <testcase classname="page2.Sample3" name="test3" time="0.001"/>
  <testcase classname="page1.Sample2" name="test2" time="0.001"/>
  <testcase classname="page2.Sample3" name="test1" time="0.0">
    <ignored/>
  </testcase> <!-- test1 -->
  <testcase classname="page1.Sample1" name="test3" time="0.0">
    <ignored/>
  </testcase> <!-- test3 -->
  <testcase classname="page1.Sample2" name="test3" time="0.0">
    <ignored/>
  </testcase> <!-- test3 -->
  <testcase classname="page1.Sample1" name="test1" time="0.0">
    <ignored/>
  </testcase> <!-- test1 -->
  <testcase classname="page1.Sample2" name="test1" time="0.0">
    <ignored/>
  </testcase> <!-- test1 -->
</testsuite> <!-- Test -->
