<?xml version="1.0" encoding="UTF-8"?>
<!-- Generated by org.testng.reporters.JUnitXMLReporter -->
<testsuite ignored="2" hostname="LAPTOP-668BP5IR" failures="0" tests="1" name="adesh" time="4.206" errors="0" timestamp="2023-04-06T08:08:12 IST">
  <testcase classname="page1.LoginTest" name="loginWithValidCredential" time="4.15"/>
  <testcase classname="page1.LoginTest" name="loginWithOutAnyCredential" time="0.0">
    <ignored/>
  </testcase> <!-- loginWithOutAnyCredential -->
  <testcase classname="page1.LoginTest" name="loginWithInvalidCredential" time="0.0">
    <ignored/>
  </testcase> <!-- loginWithInvalidCredential -->
</testsuite> <!-- adesh -->
