<?xml version="1.0" encoding="UTF-8"?>
<!-- Generated by org.testng.reporters.JUnitXMLReporter -->
<testsuite ignored="3" hostname="LAPTOP-668BP5IR" failures="0" tests="1" name="regression" time="0.004" errors="0" timestamp="2023-04-06T09:34:20 IST">
  <testcase classname="page1.RegisterTest" name="registerWithOutAnyCredential" time="0.001"/>
  <testcase classname="page1.RegisterTest" name="registerWithValidCredential" time="0.0">
    <ignored/>
  </testcase> <!-- registerWithValidCredential -->
  <testcase classname="page1.RegisterTest" name="registerWithInvalidCradential" time="0.0">
    <ignored/>
  </testcase> <!-- registerWithInvalidCradential -->
  <testcase classname="page1.RegisterTest" name="registerWithAOutAnyCredential" time="0.0">
    <ignored/>
  </testcase> <!-- registerWithAOutAnyCredential -->
</testsuite> <!-- regression -->
