<?xml version="1.0" encoding="UTF-8"?>
<!-- Generated by org.testng.reporters.JUnitXMLReporter -->
<testsuite ignored="1" hostname="LAPTOP-668BP5IR" failures="0" tests="2" name="smoke" time="0.111" errors="0" timestamp="2023-04-06T09:34:19 IST">
  <testcase classname="page1.LoginTest" name="loginWithValidCredential" time="0.015"/>
  <testcase classname="page1.LoginTest" name="loginWithOutAnyCredential" time="0.003"/>
  <testcase classname="page1.LoginTest" name="loginWithInvalidCredential" time="0.0">
    <ignored/>
  </testcase> <!-- loginWithInvalidCredential -->
</testsuite> <!-- smoke -->
