<?xml version="1.0" encoding="UTF-8"?>
<!-- Generated by org.testng.reporters.JUnitXMLReporter -->
<testsuite ignored="0" hostname="LAPTOP-668BP5IR" failures="0" tests="3" name="Test1" time="0.14" errors="0" timestamp="2023-04-06T19:33:21 IST">
  <testcase classname="page1.LoginTest" name="loginWithInvalidCredential" time="0.023"/>
  <testcase classname="page1.LoginTest" name="loginWithOutAnyCredential" time="0.009"/>
  <testcase classname="page1.LoginTest" name="loginWithValidCredential" time="0.005"/>
</testsuite> <!-- Test1 -->
