<?xml version="1.0" encoding="UTF-8"?>
<!-- Generated by org.testng.reporters.JUnitXMLReporter -->
<testsuite ignored="0" hostname="LAPTOP-668BP5IR" failures="0" tests="9" name="Test" time="0.119" errors="0" timestamp="2023-05-08T11:43:39 IST">
  <testcase classname="page1.LoginTest" name="loginWithOutAnyCredential" time="0.01"/>
  <testcase classname="page1.LoginTest" name="loginWithValidCredential" time="0.002"/>
  <testcase classname="page1.SearchTest" name="searchValidProduct" time="0.002"/>
  <testcase classname="page1.RegisterTest" name="registerWithAOutAnyCredential" time="0.002"/>
  <testcase classname="page1.RegisterTest" name="registerWithInvalidCradential" time="0.002"/>
  <testcase classname="page1.LoginTest" name="loginWithInvalidCredential" time="0.001"/>
  <testcase classname="page1.SearchTest" name="searchInvalidProduct" time="0.002"/>
  <testcase classname="page1.RegisterTest" name="registerWithValidCredential" time="0.004"/>
  <testcase classname="page1.RegisterTest" name="registerWithOutAnyCredential" time="0.001"/>
</testsuite> <!-- Test -->
