<?xml version="1.0" encoding="UTF-8"?>
<!-- Generated by org.testng.reporters.JUnitXMLReporter -->
<testsuite ignored="0" hostname="LAPTOP-668BP5IR" failures="0" tests="4" name="Test3" time="0.162" errors="0" timestamp="2023-04-06T19:33:21 IST">
  <testcase classname="page1.RegisterTest" name="registerWithAOutAnyCredential" time="0.024"/>
  <testcase classname="page1.RegisterTest" name="registerWithInvalidCradential" time="0.019"/>
  <testcase classname="page1.RegisterTest" name="registerWithOutAnyCredential" time="0.022"/>
  <testcase classname="page1.RegisterTest" name="registerWithValidCredential" time="0.005"/>
</testsuite> <!-- Test3 -->
