<?xml version="1.0" encoding="UTF-8"?>
<!-- Generated by org.testng.reporters.JUnitXMLReporter -->
<testsuite ignored="4" hostname="LAPTOP-668BP5IR" failures="0" tests="5" name="sanity" time="0.097" errors="0" timestamp="2023-02-11T16:08:17 IST">
  <testcase classname="page1.Sample1" name="test1" time="0.016"/>
  <testcase classname="page1.Sample1" name="test3" time="0.016"/>
  <testcase classname="page1.Sample2" name="test1" time="0.016"/>
  <testcase classname="page1.Sample2" name="test3" time="0.003"/>
  <testcase classname="page2.Sample3" name="test1" time="0.004"/>
  <testcase classname="page2.Sample3" name="test2" time="0.0">
    <ignored/>
  </testcase> <!-- test2 -->
  <testcase classname="page2.Sample3" name="test3" time="0.0">
    <ignored/>
  </testcase> <!-- test3 -->
  <testcase classname="page1.Sample2" name="test2" time="0.0">
    <ignored/>
  </testcase> <!-- test2 -->
  <testcase classname="page1.Sample1" name="test2" time="0.0">
    <ignored/>
  </testcase> <!-- test2 -->
</testsuite> <!-- sanity -->
